2021.06.28 no game
2021.07.00 no game
['66108', '78135', '76290', '79192', '78217', '79109', '79150', '69102', '77564', '60566', '61102', '65132', '51100']
['64868', '76313', '68050', '64166', '77243', '64017', '64906', '73113', '78548', '51005', '64012', '64006']
64017
['50854', '61353', '71837', '51817', '67872', '76267', '75847', '62895', '67893', '76812', '60558', '63440', '66917', '75151']
['62415', '51463', '62404', '74540', '75334', '75566', '61404', '64610', '79402']
['66606', '78603', '66614', '64984', '72443', '65610', '64560', '65653', '63722', '64646']
['62907', '63963', '62947', '76232', '50923', '62931', '51907', '78361', '74465', '62925', '61869']
['78168', '67304', '67341', '68305', '75125', '50304', '74163', '64657', '65362', '65586', '62332', '51344']
['50506', '64501', '77532', '78513', '69508', '60523', '51551', '79608', '67504', '71564', '68525', '64717', '65506', '68518', '63895']
['68743', '65703', '69706', '62700', '50707', '69737', '51725', '64266', '69705', '51706', '66702']
['79215', '63257', '66209', '69209', '64153', '77248', '62244', '63202', '79240', '64468', '79231', '63123', '51203']
[2021, 7, 2]
['66108', '78135', '76290', '79192', '79109', '69102', '77564', '69100', '79150', '61102', '61186', '65132', '60566', '51100']
['68743', '78288', '62700', '69737', '61208', '51725', '73136', '50707', '51706', '66702']
'NoneType' object is not subscriptable ['66108', '0.338'] JS 2021-07-02
local variable 'arg' referenced before assignment
'NoneType' object is not subscriptable ['78135', '0.222'] JS 2021-07-02
local variable 'arg' referenced before assignment
'NoneType' object is not subscriptable ['76290', '0.296'] JS 2021-07-02
local variable 'arg' referenced before assignment
'NoneType' object is not subscriptable ['79192', '0.314'] JS 2021-07-02
local variable 'arg' referenced before assignment
'NoneType' object is not subscriptable ['79109', '0.236'] JS 2021-07-02
local variable 'arg' referenced before assignment
'NoneType' object is not subscriptable ['69102', '0.262'] JS 2021-07-02
local variable 'arg' referenced before assignment
'NoneType' object is not subscriptable ['77564', '0.197'] JS 2021-07-02
local variable 'arg' referenced before assignment
'NoneType' object is not subscriptable ['69100', '0.130'] JS 2021-07-02
local variable 'arg' referenced before assignment
'NoneType' object is not subscriptable ['79150', '0.232'] JS 2021-07-02
local variable 'arg' referenced before assignment
'NoneType' object is not subscriptable ['61102', '0.248'] JS 2021-07-02
local variable 'arg' referenced before assignment
'NoneType' object is not subscriptable ['61186', '0.217'] JS 2021-07-02
local variable 'arg' referenced before assignment
'NoneType' object is not subscriptable ['65132', '0.118'] JS 2021-07-02
local variable 'arg' referenced before assignment
'NoneType' object is not subscriptable ['60566', '0.400'] JS 2021-07-02
local variable 'arg' referenced before assignment
'NoneType' object is not subscriptable ['51100', '0.343'] JS 2021-07-02
local variable 'arg' referenced before assignment
'NoneType' object is not subscriptable ['68743', '0.306'] JS 2021-07-02
local variable 'arg' referenced before assignment
'NoneType' object is not subscriptable ['78288', '0.227'] JS 2021-07-02
local variable 'arg' referenced before assignment
'NoneType' object is not subscriptable ['62700', '0.293'] JS 2021-07-02
local variable 'arg' referenced before assignment
'NoneType' object is not subscriptable ['69737', '0.276'] JS 2021-07-02
local variable 'arg' referenced before assignment
'NoneType' object is not subscriptable ['61208', '0.230'] JS 2021-07-02
local variable 'arg' referenced before assignment
'NoneType' object is not subscriptable ['51725', '0.257'] JS 2021-07-02
local variable 'arg' referenced before assignment
'NoneType' object is not subscriptable ['73136', '0.207'] JS 2021-07-02
local variable 'arg' referenced before assignment
'NoneType' object is not subscriptable ['50707', '0.000'] JS 2021-07-02
local variable 'arg' referenced before assignment
'NoneType' object is not subscriptable ['51706', '0.100'] JS 2021-07-02
local variable 'arg' referenced before assignment
'NoneType' object is not subscriptable ['66702', '0.333'] JS 2021-07-02
local variable 'arg' referenced before assignment
['50854', '61353', '71837', '51817', '75847', '76267', '76802', '62895', '60558', '67872', '76812', '75151', '66917', '67893']
['50506', '77532', '71564', '78513', '60523', '68525', '64501', '67504', '68518', '66749', '64717', '65506', '79608', '63895']
'NoneType' object is not subscriptable ['50854', '0.264'] MH 2021-07-02
local variable 'arg' referenced before assignment
'NoneType' object is not subscriptable ['61353', '0.271'] MH 2021-07-02
local variable 'arg' referenced before assignment
'NoneType' object is not subscriptable ['71837', '0.248'] MH 2021-07-02
local variable 'arg' referenced before assignment
'NoneType' object is not subscriptable ['51817', '0.252'] MH 2021-07-02
local variable 'arg' referenced before assignment
'NoneType' object is not subscriptable ['75847', '0.307'] MH 2021-07-02
local variable 'arg' referenced before assignment
'NoneType' object is not subscriptable ['76267', '0.260'] MH 2021-07-02
local variable 'arg' referenced before assignment
'NoneType' object is not subscriptable ['76802', '0.277'] MH 2021-07-02
local variable 'arg' referenced before assignment
'NoneType' object is not subscriptable ['62895', '0.263'] MH 2021-07-02
local variable 'arg' referenced before assignment
'NoneType' object is not subscriptable ['60558', '0.226'] MH 2021-07-02
local variable 'arg' referenced before assignment
'NoneType' object is not subscriptable ['67872', '0.231'] MH 2021-07-02
local variable 'arg' referenced before assignment
'NoneType' object is not subscriptable ['76812', '0.301'] MH 2021-07-02
local variable 'arg' referenced before assignment
'NoneType' object is not subscriptable ['75151', '0.244'] MH 2021-07-02
local variable 'arg' referenced before assignment
'NoneType' object is not subscriptable ['66917', '0.231'] MH 2021-07-02
local variable 'arg' referenced before assignment
'NoneType' object is not subscriptable ['67893', '0.272'] MH 2021-07-02
local variable 'arg' referenced before assignment
'NoneType' object is not subscriptable ['50506', '0.279'] MH 2021-07-02
local variable 'arg' referenced before assignment
'NoneType' object is not subscriptable ['77532', '0.310'] MH 2021-07-02
local variable 'arg' referenced before assignment
'NoneType' object is not subscriptable ['71564', '0.298'] MH 2021-07-02
local variable 'arg' referenced before assignment
'NoneType' object is not subscriptable ['78513', '0.333'] MH 2021-07-02
local variable 'arg' referenced before assignment
'NoneType' object is not subscriptable ['60523', '0.332'] MH 2021-07-02
local variable 'arg' referenced before assignment
'NoneType' object is not subscriptable ['68525', '0.251'] MH 2021-07-02
local variable 'arg' referenced before assignment
'NoneType' object is not subscriptable ['64501', '0.245'] MH 2021-07-02
local variable 'arg' referenced before assignment
'NoneType' object is not subscriptable ['67504', '0.264'] MH 2021-07-02
local variable 'arg' referenced before assignment
'NoneType' object is not subscriptable ['68518', '0.300'] MH 2021-07-02
local variable 'arg' referenced before assignment
'NoneType' object is not subscriptable ['66749', '0.250'] MH 2021-07-02
local variable 'arg' referenced before assignment
'NoneType' object is not subscriptable ['64717', '0.221'] MH 2021-07-02
local variable 'arg' referenced before assignment
'NoneType' object is not subscriptable ['65506', '0.327'] MH 2021-07-02
local variable 'arg' referenced before assignment
'NoneType' object is not subscriptable ['79608', '0.323'] MH 2021-07-02
local variable 'arg' referenced before assignment
'NoneType' object is not subscriptable ['63895', '0.000'] MH 2021-07-02
local variable 'arg' referenced before assignment
['64868', '76313', '68050', '64166', '77243', '78548', '64906', '50054', '73113', '51005', '64012', '64006']
['78168', '67304', '67341', '79365', '74163', '65586', '65362', '65898', '69366', '51344', '68305']
'NoneType' object is not subscriptable ['64868', '0.257'] SW 2021-07-02
local variable 'arg' referenced before assignment
'NoneType' object is not subscriptable ['76313', '0.309'] SW 2021-07-02
local variable 'arg' referenced before assignment
'NoneType' object is not subscriptable ['68050', '0.398'] SW 2021-07-02
local variable 'arg' referenced before assignment
'NoneType' object is not subscriptable ['64166', '0.287'] SW 2021-07-02
local variable 'arg' referenced before assignment
'NoneType' object is not subscriptable ['77243', '0.275'] SW 2021-07-02
local variable 'arg' referenced before assignment
'NoneType' object is not subscriptable ['78548', '0.226'] SW 2021-07-02
local variable 'arg' referenced before assignment
'NoneType' object is not subscriptable ['64906', '0.281'] SW 2021-07-02
local variable 'arg' referenced before assignment
'NoneType' object is not subscriptable ['50054', '0.211'] SW 2021-07-02
local variable 'arg' referenced before assignment
'NoneType' object is not subscriptable ['73113', '0.173'] SW 2021-07-02
local variable 'arg' referenced before assignment
'NoneType' object is not subscriptable ['51005', '0.238'] SW 2021-07-02
local variable 'arg' referenced before assignment
'NoneType' object is not subscriptable ['64012', '0.097'] SW 2021-07-02
local variable 'arg' referenced before assignment
'NoneType' object is not subscriptable ['64006', '0.283'] SW 2021-07-02
local variable 'arg' referenced before assignment
'NoneType' object is not subscriptable ['78168', '0.259'] SW 2021-07-02
local variable 'arg' referenced before assignment
'NoneType' object is not subscriptable ['67304', '0.303'] SW 2021-07-02
local variable 'arg' referenced before assignment
'NoneType' object is not subscriptable ['67341', '0.342'] SW 2021-07-02
local variable 'arg' referenced before assignment
'NoneType' object is not subscriptable ['79365', '0.260'] SW 2021-07-02
local variable 'arg' referenced before assignment
'NoneType' object is not subscriptable ['74163', '0.276'] SW 2021-07-02
local variable 'arg' referenced before assignment
'NoneType' object is not subscriptable ['65586', '0.184'] SW 2021-07-02
local variable 'arg' referenced before assignment
'NoneType' object is not subscriptable ['65362', '0.289'] SW 2021-07-02
local variable 'arg' referenced before assignment
'NoneType' object is not subscriptable ['65898', '0.245'] SW 2021-07-02
local variable 'arg' referenced before assignment
'NoneType' object is not subscriptable ['69366', '0.333'] SW 2021-07-02
local variable 'arg' referenced before assignment
'NoneType' object is not subscriptable ['51344', '0.172'] SW 2021-07-02
local variable 'arg' referenced before assignment
'NoneType' object is not subscriptable ['68305', '0.192'] SW 2021-07-02
local variable 'arg' referenced before assignment
['66606', '78603', '66614', '64984', '72443', '65610', '69652', '64560', '65653', '63722', '64646']
['79240', '63257', '79215', '64153', '69209', '66209', '64213', '64468', '77248', '63123', '62244', '51203', '63559', '79231']
'NoneType' object is not subscriptable ['66606', '0.301'] KC 2021-07-02
local variable 'arg' referenced before assignment
'NoneType' object is not subscriptable ['78603', '0.291'] KC 2021-07-02
local variable 'arg' referenced before assignment
'NoneType' object is not subscriptable ['66614', '0.120'] KC 2021-07-02
local variable 'arg' referenced before assignment
'NoneType' object is not subscriptable ['64984', '0.313'] KC 2021-07-02
local variable 'arg' referenced before assignment
'NoneType' object is not subscriptable ['72443', '0.193'] KC 2021-07-02
local variable 'arg' referenced before assignment
'NoneType' object is not subscriptable ['65610', '0.241'] KC 2021-07-02
local variable 'arg' referenced before assignment
'NoneType' object is not subscriptable ['69652', '0.246'] KC 2021-07-02
local variable 'arg' referenced before assignment
'NoneType' object is not subscriptable ['64560', '0.224'] KC 2021-07-02
local variable 'arg' referenced before assignment
'NoneType' object is not subscriptable ['65653', '0.265'] KC 2021-07-02
local variable 'arg' referenced before assignment
'NoneType' object is not subscriptable ['63722', '0.214'] KC 2021-07-02
local variable 'arg' referenced before assignment
'NoneType' object is not subscriptable ['64646', '0.253'] KC 2021-07-02
local variable 'arg' referenced before assignment
'NoneType' object is not subscriptable ['79240', '0.320'] KC 2021-07-02
local variable 'arg' referenced before assignment
'NoneType' object is not subscriptable ['63257', '0.284'] KC 2021-07-02
local variable 'arg' referenced before assignment
'NoneType' object is not subscriptable ['79215', '0.333'] KC 2021-07-02
local variable 'arg' referenced before assignment
'NoneType' object is not subscriptable ['64153', '0.284'] KC 2021-07-02
local variable 'arg' referenced before assignment
'NoneType' object is not subscriptable ['69209', '0.328'] KC 2021-07-02
local variable 'arg' referenced before assignment
'NoneType' object is not subscriptable ['66209', '0.273'] KC 2021-07-02
local variable 'arg' referenced before assignment
'NoneType' object is not subscriptable ['64213', '0.305'] KC 2021-07-02
local variable 'arg' referenced before assignment
'NoneType' object is not subscriptable ['64468', '0.274'] KC 2021-07-02
local variable 'arg' referenced before assignment
'NoneType' object is not subscriptable ['77248', '0.176'] KC 2021-07-02
local variable 'arg' referenced before assignment
'NoneType' object is not subscriptable ['63123', '0.221'] KC 2021-07-02
local variable 'arg' referenced before assignment
'NoneType' object is not subscriptable ['62244', '0.263'] KC 2021-07-02
local variable 'arg' referenced before assignment
'NoneType' object is not subscriptable ['51203', '0.292'] KC 2021-07-02
local variable 'arg' referenced before assignment
'NoneType' object is not subscriptable ['63559', '0.000'] KC 2021-07-02
local variable 'arg' referenced before assignment
'NoneType' object is not subscriptable ['79231', '0.198'] KC 2021-07-02
local variable 'arg' referenced before assignment
['62907', '63963', '62947', '76232', '50923', '62931', '74465', '62925', '78122', '61869']
['62415', '51463', '62404', '74540', '75334', '75566', '50458', '64610', '66838', '61404', '69453', '79402']
'NoneType' object is not subscriptable ['62907', '0.256'] CW 2021-07-02
local variable 'arg' referenced before assignment
'NoneType' object is not subscriptable ['63963', '0.266'] CW 2021-07-02
local variable 'arg' referenced before assignment
'NoneType' object is not subscriptable ['62947', '0.283'] CW 2021-07-02
local variable 'arg' referenced before assignment
'NoneType' object is not subscriptable ['76232', '0.353'] CW 2021-07-02
local variable 'arg' referenced before assignment
'NoneType' object is not subscriptable ['50923', '0.283'] CW 2021-07-02
local variable 'arg' referenced before assignment
'NoneType' object is not subscriptable ['62931', '0.324'] CW 2021-07-02
local variable 'arg' referenced before assignment
'NoneType' object is not subscriptable ['74465', '0.265'] CW 2021-07-02
local variable 'arg' referenced before assignment
'NoneType' object is not subscriptable ['62925', '0.260'] CW 2021-07-02
local variable 'arg' referenced before assignment
'NoneType' object is not subscriptable ['78122', '0.232'] CW 2021-07-02
local variable 'arg' referenced before assignment
'NoneType' object is not subscriptable ['61869', '0.197'] CW 2021-07-02
local variable 'arg' referenced before assignment
'NoneType' object is not subscriptable ['62415', '0.304'] CW 2021-07-02
local variable 'arg' referenced before assignment
'NoneType' object is not subscriptable ['51463', '0.319'] CW 2021-07-02
local variable 'arg' referenced before assignment
'NoneType' object is not subscriptable ['62404', '0.293'] CW 2021-07-02
local variable 'arg' referenced before assignment
'NoneType' object is not subscriptable ['74540', '0.330'] CW 2021-07-02
local variable 'arg' referenced before assignment
'NoneType' object is not subscriptable ['75334', '0.277'] CW 2021-07-02
local variable 'arg' referenced before assignment
'NoneType' object is not subscriptable ['75566', '0.265'] CW 2021-07-02
local variable 'arg' referenced before assignment
'NoneType' object is not subscriptable ['50458', '0.263'] CW 2021-07-02
local variable 'arg' referenced before assignment
'NoneType' object is not subscriptable ['64610', '0.234'] CW 2021-07-02
local variable 'arg' referenced before assignment
'NoneType' object is not subscriptable ['66838', '0.190'] CW 2021-07-02
local variable 'arg' referenced before assignment
'NoneType' object is not subscriptable ['61404', '0.297'] CW 2021-07-02
local variable 'arg' referenced before assignment
'NoneType' object is not subscriptable ['69453', '0.221'] CW 2021-07-02
local variable 'arg' referenced before assignment
'NoneType' object is not subscriptable ['79402', '0.211'] CW 2021-07-02
local variable 'arg' referenced before assignment
[2021, 7, 3]
[2021, 7, 4]
['66108', '78135', '61186', '76290', '79192', '79109', '69102', '77564', '61102', '60566']
['68743', '78288', '62700', '69737', '61208', '78643', '64266', '69705', '66702']
['50854', '76267', '66917', '51817', '75847', '62895', '67872', '61353', '71837', '63440', '76812', '76802']
['50506', '77532', '78513', '60523', '79608', '71564', '64501', '65506', '68525', '68518', '67504', '64717', '63895', '69508']
['76849', '63963', '62947', '76232', '50923', '62931', '74465', '62925', '63450', '66928']
['62415', '51463', '62404', '74540', '75334', '75566', '66838', '69453', '64610']
['64868', '76313', '68050', '78517', '64166', '78548', '77243', '65040', '74339', '51003', '64906', '50054', '51005', '64012', '64006', '73113']
['78168', '50304', '67304', '67341', '64657', '79365', '74163', '69360', '65362', '65399', '69366', '65586', '65898', '51344']
78517
69360
['64984', '78603', '66614', '72443', '69652', '64560', '62234', '65653', '62864', '66657', '64646']
['79240', '63257', '69209', '64153', '79215', '62244', '63202', '64468', '64213', '51203', '79231']
[2021, 7, 5]
