WO
1 2루수 서건창 0.99
2 유격수 김혜성 1.42
3 중견수 이정후 3.77
4 1루수 박병호 1.18
5 우익수 송우현 1.00
6 지명타자 박동원 2.16
7 좌익수 박주홍 -0.48
8 포수 이지영 -0.16
9 3루수 김휘집 -0.09
OB
1 3루수 허경민 1.80
2 우익수 김인태 1.16
3 지명타자 페르난데스 2.79
4 좌익수 김재환 3.05
5 1루수 양석환 2.11
6 포수 박세혁 0.40
7 유격수 안재석 0.59
8 2루수 강승호 0.50
9 중견수 정수빈 0.34
LG
1 중견수 홍창기 3.57
2 좌익수 이형종 1.37
3 지명타자 김현수 2.58
4 우익수 채은성 2.32
5 3루수 김민성 0.09
6 유격수 오지환 0.79
7 포수 유강남 0.84
8 1루수 문보경 1.42
9 2루수 정주현 0.27
SK
1 중견수 최지훈 0.98
2 1루수 로맥 1.51
3 지명타자 추신수 1.58
4 3루수 최정 2.85
5 2루수 최주환 0.86
6 우익수 정의윤 -0.23
7 좌익수 고종욱 -0.20
8 포수 이흥련 0.33
9 유격수 박성한 0.82
NC
1 좌익수 정진기 -0.10
2 지명타자 권희동 0.82
3 우익수 나성범 1.34
4 포수 양의지 3.70
5 중견수 알테어 2.27
6 유격수 노진혁 1.75
7 3루수 박석민 0.84
8 1루수 강진성 0.31
9 2루수 정현 0.02
LT
1 유격수 마차도 1.70
2 우익수 손아섭 0.79
3 지명타자 이대호 0.74
4 좌익수 전준우 2.13
5 1루수 정훈 2.40
6 중견수 추재현 1.00
7 2루수 김민수 0.55
8 3루수 나승엽 -0.16
9 포수 강태율 -0.45
HH
1 2루수 정은원 2.81
2 포수 최재훈 0.84
3 유격수 하주석 1.74
4 3루수 노시환 0.79
5 지명타자 정진호 -0.04
6 1루수 힐리 0.07
7 좌익수 김민하 0.33
8 중견수 노수광 -0.07
9 우익수 조한민 0.13
SS
1 중견수 박해민 1.61
2 좌익수 피렐라 2.59
3 우익수 구자욱 2.10
4 포수 강민호 1.68
5 지명타자 오재일 1.16
6 3루수 이원석 0.80
7 1루수 최영진 0.28
8 유격수 김지찬 -0.09
9 2루수 김상수 -0.55
HT
1 우익수 최원준 1.76
2 2루수 김선빈 1.63
3 3루수 김태진 0.12
4 지명타자 이정훈 0.41
5 좌익수 나지완 -0.08
6 1루수 류지혁 0.06
7 중견수 이창진 0.22
8 포수 한승택 -0.19
9 유격수 김규성 -0.17
KT
1 좌익수 조용호 0.74
2 지명타자 김민혁 0.20
3 1루수 강백호 2.84
4 3루수 황재균 1.06
5 중견수 배정대 1.55
6 2루수 천성호 -0.07
7 우익수 김태훈 -0.03
8 포수 허도환 -0.04
9 유격수 심우준 1.08
LT
1 유격수 마차도 1.80
2 우익수 손아섭 0.91
3 지명타자 이대호 0.72
4 좌익수 전준우 2.25
5 1루수 정훈 2.42
6 중견수 추재현 1.03
7 2루수 김민수 0.47
8 3루수 나승엽 -0.18
9 포수 지시완 0.26
OB
1 우익수 김인태 1.13
2 중견수 정수빈 0.27
3 지명타자 페르난데스 2.75
4 좌익수 김재환 3.05
5 1루수 양석환 2.09
6 포수 박세혁 0.48
7 2루수 강승호 0.35
8 유격수 안재석 0.48
9 3루수 박계범 0.64
LG
1 중견수 홍창기 3.50
2 좌익수 이형종 1.31
3 지명타자 김현수 2.63
4 우익수 채은성 2.53
5 유격수 오지환 1.01
6 1루수 문보경 1.52
7 3루수 김민성 0.00
8 2루수 정주현 0.24
9 포수 유강남 0.78
SS
1 중견수 박해민 1.52
2 지명타자 피렐라 2.56
3 우익수 구자욱 2.11
4 포수 강민호 1.74
5 1루수 오재일 1.18
6 3루수 이원석 0.96
7 좌익수 김헌곤 1.06
8 유격수 김지찬 -0.18
9 2루수 김상수 -0.54
HT
1 우익수 최원준 1.78
2 2루수 김선빈 1.54
3 3루수 김태진 0.30
4 지명타자 이정훈 0.39
5 좌익수 나지완 -0.19
6 1루수 류지혁 -0.01
7 중견수 이창진 0.13
8 포수 김민식 0.73
9 유격수 박민 -0.20
WO
1 2루수 서건창 0.88
2 유격수 김혜성 1.41
3 중견수 이정후 3.92
4 지명타자 박동원 2.18
5 좌익수 이용규 1.07
6 1루수 박병호 1.15
7 우익수 송우현 0.92
8 포수 이지영 -0.18
9 3루수 김휘집 -0.09
KT
1 좌익수 조용호 0.62
2 3루수 황재균 1.02
3 1루수 강백호 2.90
4 중견수 배정대 1.81
5 2루수 천성호 -0.09
6 지명타자 김민혁 0.18
7 우익수 김건형 0.04
8 포수 이홍구 -0.47
9 유격수 심우준 1.15
HH
1 2루수 정은원 3.00
2 포수 허관회 -0.28
3 지명타자 하주석 1.87
4 3루수 노시환 0.86
5 좌익수 정진호 -0.14
6 우익수 김민하 0.23
7 1루수 이성열 0.02
8 유격수 이도윤 -0.25
9 중견수 조한민 0.17
LT
1 중견수 추재현 0.98
2 우익수 손아섭 0.96
3 좌익수 전준우 2.43
4 지명타자 정훈 2.56
5 2루수 안치홍 1.50
6 3루수 한동희 0.65
7 1루수 김민수 0.33
8 포수 정보근 -0.06
9 유격수 마차도 1.74
OB
1 중견수 정수빈 0.25
2 2루수 박계범 0.66
3 좌익수 김인태 1.15
4 지명타자 양석환 2.20
5 3루수 허경민 1.69
6 포수 최용제 0.25
7 1루수 오재원 -0.21
8 유격수 안재석 0.46
9 우익수 안권수 -0.24
LG
1 중견수 홍창기 3.62
2 좌익수 이천웅 0.27
3 지명타자 김현수 2.78
4 우익수 채은성 2.78
5 유격수 오지환 1.05
6 1루수 문보경 1.69
7 3루수 김민성 0.13
8 포수 유강남 0.95
9 2루수 정주현 0.12
SS
1 중견수 박해민 1.52
2 좌익수 피렐라 2.82
3 지명타자 구자욱 1.95
4 포수 강민호 1.81
5 1루수 오재일 1.07
6 3루수 최영진 0.36
7 우익수 김헌곤 1.12
8 2루수 김지찬 -0.28
9 유격수 김호재 -0.14
SK
1 좌익수 최지훈 1.15
2 2루수 김찬형 -0.29
3 지명타자 최주환 0.95
4 3루수 최정 3.34
5 우익수 정의윤 -0.26
6 중견수 김강민 1.02
7 1루수 오태곤 -0.24
8 포수 이재원 0.76
9 유격수 김성현 0.98
NC
1 2루수 정현 0.16
2 좌익수 권희동 1.06
3 우익수 나성범 1.39
4 포수 양의지 3.90
5 지명타자 알테어 2.34
6 유격수 노진혁 2.03
7 3루수 박석민 0.88
8 1루수 강진성 0.32
9 중견수 정진기 -0.15
HT
1 우익수 최원준 1.79
2 2루수 김선빈 1.43
3 3루수 김태진 0.25
4 1루수 황대인 0.06
5 좌익수 이창진 0.01
6 지명타자 나지완 -0.27
7 포수 한승택 -0.12
8 중견수 김호령 0.29
9 유격수 박찬호 0.31
WO
1 2루수 서건창 1.21
2 유격수 김혜성 1.57
3 중견수 이정후 3.76
4 포수 박동원 2.26
5 좌익수 이용규 1.21
6 1루수 박병호 1.19
7 우익수 송우현 1.09
8 지명타자 박주홍 -0.49
9 3루수 김휘집 0.15
KT
1 좌익수 조용호 0.67
2 3루수 황재균 1.15
3 1루수 강백호 3.18
4 중견수 배정대 1.66
5 2루수 강민국 0.42
6 우익수 김건형 0.24
7 포수 허도환 0.09
8 지명타자 김민혁 0.17
9 유격수 심우준 1.22
HH
1 2루수 정은원 2.92
2 포수 최재훈 0.87
3 유격수 하주석 1.88
4 3루수 노시환 0.79
5 좌익수 정진호 -0.06
6 1루수 힐리 0.05
7 지명타자 이성곤 -0.10
8 우익수 조한민 0.18
9 중견수 강상원 -0.21
['2021-06-30', '18:30', '20210630KTLG02021', '잠실', 'KT', 'LG', '64001', '51136']
['2021-06-30', '18:30', '20210630NCHT02021', '광주', 'NC', 'HT', '69962', '51648']
['2021-06-30', '18:30', '20210630LTWO02021', '고척', 'LT', 'WO', '50558', '68341']
['2021-06-30', '18:30', '20210630OBHH02021', '대전', 'OB', 'HH', '67263', '50815']
['2021-06-30', '18:30', '20210630KTLG12021', '잠실', 'KT', 'LG', '64001', '51136']
['2021-06-30', '18:30', '20210630SSSK12021', '문학', 'SS', 'SK', '69446', '51863']
KT
1 좌익수 조용호 0.70
2 3루수 황재균 1.29
3 1루수 강백호 3.35
4 중견수 배정대 1.78
5 2루수 강민국 0.30
6 우익수 김건형 0.13
7 포수 허도환 0.27
8 지명타자 김민혁 0.18
9 유격수 심우준 1.24
LG
1 중견수 홍창기 3.64
2 좌익수 이천웅 0.35
3 지명타자 김현수 2.80
4 우익수 채은성 2.85
5 유격수 오지환 1.06
6 1루수 문보경 1.78
7 3루수 김민성 0.22
8 포수 유강남 1.08
9 2루수 정주현 0.07
NC
1 2루수 박민우 0.72
2 지명타자 권희동 1.20
3 우익수 나성범 1.40
4 포수 양의지 3.93
5 중견수 알테어 2.37
6 유격수 노진혁 2.18
7 3루수 박석민 0.87
8 1루수 강진성 0.53
9 좌익수 정진기 -0.26
HT
1 우익수 최원준 1.86
2 2루수 김선빈 1.58
3 3루수 김태진 0.17
4 지명타자 황대인 -0.03
5 1루수 류지혁 -0.10
6 포수 김민식 0.58
7 유격수 박찬호 0.32
8 중견수 김호령 0.45
9 좌익수 오선우 -0.13
LT
1 유격수 마차도 1.81
2 우익수 손아섭 1.01
3 좌익수 전준우 2.49
4 1루수 정훈 2.49
5 2루수 안치홍 1.76
6 지명타자 이대호 0.76
7 3루수 한동희 0.67
8 포수 지시완 0.21
9 중견수 김재유 0.67
WO
1 2루수 서건창 1.43
2 유격수 김혜성 1.62
3 중견수 이정후 3.69
4 1루수 박병호 1.22
5 좌익수 이용규 1.26
6 지명타자 박동원 2.27
7 우익수 송우현 0.99
8 포수 이지영 -0.12
9 3루수 김휘집 0.06
OB
1 중견수 정수빈 0.24
2 2루수 박계범 0.68
3 좌익수 김인태 1.15
4 지명타자 양석환 2.19
5 3루수 허경민 1.68
6 포수 최용제 0.24
7 1루수 오재원 -0.18
8 유격수 안재석 0.46
9 우익수 안권수 -0.24
HH
1 2루수 정은원 3.04
2 포수 최재훈 0.82
3 유격수 하주석 1.91
4 3루수 노시환 0.68
5 좌익수 정진호 -0.01
6 1루수 힐리 0.20
7 지명타자 이성곤 -0.13
8 우익수 조한민 0.20
9 중견수 강상원 -0.31
OB
1 중견수 정수빈 0.24
2 2루수 박계범 0.68
3 좌익수 김인태 1.15
4 지명타자 양석환 2.19
5 3루수 허경민 1.68
6 포수 최용제 0.24
7 1루수 오재원 -0.18
8 유격수 안재석 0.46
9 우익수 안권수 -0.24
HH
1 2루수 정은원 3.04
2 포수 최재훈 0.82
3 유격수 하주석 1.91
4 3루수 노시환 0.68
5 좌익수 정진호 -0.01
6 1루수 힐리 0.20
7 지명타자 이성곤 -0.13
8 우익수 조한민 0.20
9 중견수 강상원 -0.31
['2021-07-01', '18:30', '20210701KTLG02021', '잠실', 'KT', 'LG', '65516', '61101']
['2021-07-01', '18:30', '20210701SSSK02021', '문학', 'SS', 'SK', '61365', '63894']
['2021-07-01', '18:30', '20210701NCHT02021', '광주', 'NC', 'HT', '69962', '50636']
['2021-07-01', '18:30', '20210701LTWO02021', '고척', 'LT', 'WO', '51567', '67313']
['2021-07-01', '18:30', '20210701OBHH02021', '대전', 'OB', 'HH', '51257', '77318']
KT
1 좌익수 조용호 0.67
2 3루수 황재균 1.30
3 1루수 강백호 3.38
4 중견수 배정대 1.74
5 포수 허도환 0.19
6 지명타자 장성우 0.04
7 2루수 박경수 -0.19
8 우익수 김건형 0.12
9 유격수 심우준 1.25
LG
1 중견수 홍창기 3.84
2 좌익수 이천웅 0.24
3 지명타자 김현수 2.77
4 우익수 채은성 2.85
5 유격수 오지환 1.20
6 1루수 문보경 1.70
7 3루수 김민성 0.15
8 포수 유강남 1.11
9 2루수 이영빈 0.21
SS
1 중견수 김성윤 -0.05
2 좌익수 피렐라 2.92
3 지명타자 구자욱 1.98
4 1루수 오재일 0.76
5 3루수 최영진 0.30
6 유격수 강한울 -0.32
7 우익수 김헌곤 1.20
8 2루수 김지찬 -0.22
9 포수 김민수 0.24
SK
1 중견수 최지훈 1.34
2 1루수 로맥 1.58
3 지명타자 추신수 1.66
4 3루수 최정 3.63
5 우익수 정의윤 -0.10
6 좌익수 오태곤 -0.22
7 유격수 김성현 1.20
8 포수 이흥련 0.35
9 2루수 김찬형 -0.20
NC
1 2루수 박민우 0.72
2 지명타자 권희동 1.20
3 우익수 나성범 1.40
4 포수 양의지 3.94
5 중견수 알테어 2.37
6 유격수 노진혁 2.19
7 3루수 박석민 0.88
8 1루수 강진성 0.53
9 좌익수 정진기 -0.26
HT
1 우익수 최원준 1.86
2 2루수 김선빈 1.58
3 3루수 김태진 0.18
4 지명타자 황대인 -0.03
5 1루수 류지혁 -0.10
6 포수 김민식 0.58
7 유격수 박찬호 0.33
8 중견수 김호령 0.45
9 좌익수 오선우 -0.13
LT
1 유격수 마차도 1.71
2 우익수 손아섭 1.05
3 좌익수 전준우 2.49
4 1루수 정훈 2.48
5 2루수 안치홍 1.73
6 지명타자 이대호 0.82
7 3루수 한동희 0.77
8 포수 정보근 -0.10
9 중견수 김재유 0.57
WO
1 2루수 서건창 1.34
2 유격수 김혜성 1.71
3 중견수 이정후 3.90
4 지명타자 박동원 2.21
5 우익수 이용규 1.22
6 1루수 박병호 1.29
7 좌익수 변상권 -0.30
8 3루수 전병우 0.27
9 포수 이지영 -0.06
OB
1 3루수 허경민 1.70
2 좌익수 김인태 1.41
3 지명타자 페르난데스 2.65
4 1루수 양석환 2.35
5 포수 박세혁 0.56
6 유격수 박계범 0.68
7 중견수 정수빈 0.22
8 2루수 강승호 0.14
9 우익수 안권수 -0.35
HH
1 2루수 정은원 3.10
2 포수 최재훈 1.07
3 유격수 하주석 1.87
4 3루수 노시환 0.86
5 지명타자 정진호 -0.07
6 1루수 힐리 0.37
7 좌익수 최인호 -0.13
8 우익수 장지승 -0.02
9 중견수 이동훈 -0.02
['2021-07-02', '18:30', '20210702HHLG02021', '잠실', 'HH', 'LG', '65764', '69103']
['2021-07-02', '18:30', '20210702LTSK02021', '문학', 'LT', 'SK', '64718', '51833']
['2021-07-02', '18:30', '20210702WOKT02021', '수원', 'WO', 'KT', '69343', '69032']
['2021-07-02', '18:30', '20210702OBHT02021', '광주', 'OB', 'HT', '79229', '51648']
['2021-07-02', '18:30', '20210702SSNC02021', '창원', 'SS', 'NC', '77446', '51967']
HH
1 2루수 정은원 3.18
2 포수 허관회 -0.40
3 유격수 하주석 1.86
4 3루수 노시환 0.93
5 1루수 힐리 0.36
6 지명타자 이성곤 0.04
7 좌익수 조한민 0.14
8 우익수 장지승 -0.12
9 중견수 이동훈 -0.15
LG
1 중견수 홍창기 3.92
2 좌익수 이형종 1.24
3 지명타자 김현수 2.67
4 우익수 채은성 2.87
5 유격수 오지환 1.15
6 1루수 문보경 1.69
7 3루수 김민성 0.21
8 포수 유강남 1.04
9 2루수 이영빈 0.19
LT
1 유격수 마차도 1.69
2 우익수 손아섭 0.94
3 좌익수 전준우 2.58
4 1루수 정훈 2.47
5 2루수 안치홍 1.66
6 지명타자 이대호 0.74
7 3루수 한동희 0.69
8 포수 지시완 0.17
9 중견수 최민재 -0.10
SK
1 중견수 최지훈 1.36
2 좌익수 고종욱 -0.11
3 지명타자 추신수 1.73
4 1루수 로맥 1.51
5 2루수 최주환 0.80
6 우익수 한유섬 1.06
7 유격수 박성한 0.78
8 포수 이재원 0.90
9 3루수 김찬형 -0.19
WO
1 지명타자 서건창 1.46
2 유격수 김혜성 1.81
3 중견수 이정후 3.88
4 1루수 박병호 1.27
5 좌익수 이용규 1.18
6 우익수 송우현 1.27
7 3루수 전병우 0.27
8 포수 김재현 -0.04
9 2루수 김휘집 0.09
KT
1 좌익수 조용호 0.68
2 3루수 황재균 1.25
3 1루수 강백호 3.39
4 중견수 배정대 1.80
5 포수 허도환 0.24
6 2루수 강민국 0.17
7 지명타자 장성우 0.19
8 우익수 김건형 0.09
9 유격수 심우준 1.17
OB
1 우익수 박건우 2.40
2 좌익수 김인태 1.66
3 지명타자 페르난데스 2.58
4 1루수 양석환 2.38
5 포수 박세혁 0.51
6 3루수 허경민 1.85
7 중견수 정수빈 0.23
8 2루수 강승호 0.23
9 유격수 안재석 0.60
HT
1 우익수 최원준 1.83
2 2루수 김선빈 1.54
3 3루수 김태진 0.30
4 지명타자 최형우 -0.12
5 1루수 황대인 -0.14
6 좌익수 이창진 -0.07
7 중견수 김호령 0.67
8 포수 한승택 -0.03
9 유격수 박찬호 0.26
SS
1 중견수 박해민 1.67
2 지명타자 피렐라 2.99
3 우익수 구자욱 1.97
4 포수 강민호 1.84
5 1루수 오재일 0.76
6 3루수 이원석 1.02
7 좌익수 김헌곤 1.16
8 유격수 강한울 -0.36
9 2루수 김상수 -0.10
NC
1 2루수 박민우 0.73
2 좌익수 권희동 1.22
3 우익수 나성범 1.27
4 포수 양의지 4.01
5 중견수 알테어 2.54
6 유격수 노진혁 2.37
7 3루수 박석민 0.94
8 1루수 강진성 0.42
9 지명타자 정진기 -0.28
['2021-07-03', '18:30', '20210703HHLG02021', '잠실', 'HH', 'LG', '63464', '76455']
['2021-07-03', '18:30', '20210703LTSK02021', '문학', 'LT', 'SK', '64021', '60768']
['2021-07-03', '18:30', '20210703SSNC02021', '창원', 'SS', 'NC', '51439', '68902']
['2021-07-03', '18:30', '20210703WOKT02021', '수원', 'WO', 'KT', '62363', '50040']
['2021-07-03', '18:30', '20210703OBHT02021', '광주', 'OB', 'HT', '68200', '68659']
HH
1 2루수 정은원 3.28
2 포수 최재훈 1.12
3 유격수 하주석 1.99
4 3루수 노시환 1.03
5 좌익수 정진호 -0.17
6 1루수 힐리 0.28
7 지명타자 이성열 -0.01
8 우익수 최인호 -0.22
9 중견수 이동훈 -0.05
LG
1 중견수 홍창기 3.97
2 좌익수 이형종 1.33
3 지명타자 김현수 2.67
4 우익수 채은성 2.88
5 유격수 오지환 1.20
6 1루수 문보경 1.68
7 3루수 김민성 0.20
8 포수 유강남 1.00
9 2루수 이상호 0.03
HH
1 2루수 정은원 3.28
2 포수 최재훈 1.12
3 유격수 하주석 1.99
4 3루수 노시환 1.03
5 좌익수 정진호 -0.17
6 1루수 힐리 0.28
7 지명타자 이성열 -0.01
8 우익수 최인호 -0.22
9 중견수 이동훈 -0.05
LG
1 중견수 홍창기 3.97
2 좌익수 이형종 1.33
3 지명타자 김현수 2.67
4 우익수 채은성 2.88
5 유격수 오지환 1.20
6 1루수 문보경 1.68
7 3루수 김민성 0.20
8 포수 유강남 1.00
9 2루수 이상호 0.03
HH
1 2루수 정은원 3.28
2 포수 최재훈 1.12
3 유격수 하주석 1.99
4 3루수 노시환 1.03
5 좌익수 정진호 -0.17
6 1루수 힐리 0.28
7 지명타자 이성열 -0.01
8 우익수 최인호 -0.22
9 중견수 이동훈 -0.05
LG
1 중견수 홍창기 3.97
2 좌익수 이형종 1.33
3 지명타자 김현수 2.67
4 우익수 채은성 2.88
5 유격수 오지환 1.20
6 1루수 문보경 1.68
7 3루수 김민성 0.20
8 포수 유강남 1.00
9 2루수 이상호 0.03
HH
1 2루수 정은원 3.28
2 포수 최재훈 1.12
3 유격수 하주석 1.99
4 3루수 노시환 1.03
5 좌익수 정진호 -0.17
6 1루수 힐리 0.28
7 지명타자 이성열 -0.01
8 우익수 최인호 -0.22
9 중견수 이동훈 -0.05
LG
1 중견수 홍창기 3.97
2 좌익수 이형종 1.33
3 지명타자 김현수 2.67
4 우익수 채은성 2.88
5 유격수 오지환 1.20
6 1루수 문보경 1.68
7 3루수 김민성 0.20
8 포수 유강남 1.00
9 2루수 이상호 0.03
OB
1 3루수 허경민 2.01
2 좌익수 김인태 1.73
3 우익수 박건우 2.38
4 1루수 양석환 2.30
5 지명타자 페르난데스 2.75
6 포수 최용제 0.29
7 2루수 강승호 0.20
8 유격수 안재석 0.60
9 중견수 백동훈 -0.08
HT
1 우익수 최원준 1.71
2 2루수 김선빈 1.73
3 3루수 김태진 0.36
4 지명타자 최형우 -0.14
5 1루수 황대인 -0.17
6 좌익수 터커 0.51
7 중견수 김호령 0.90
8 포수 한승택 -0.06
9 유격수 박찬호 0.36
['2021-07-04', '18:30', '20210704HHLG02021', '잠실', 'HH', 'LG', '63464', '50126']
['2021-07-04', '18:30', '20210704LTSK02021', '문학', 'LT', 'SK', '64021', '60768']
['2021-07-04', '18:30', '20210704SSNC02021', '창원', 'SS', 'NC', '51439', '68902']
['2021-07-04', '18:30', '20210704WOKT02021', '수원', 'WO', 'KT', '62363', '50040']
['2021-07-04', '18:30', '20210704OBHT02021', '광주', 'OB', 'HT', '68200', '68659']
HH
1 2루수 정은원 3.28
2 포수 최재훈 1.12
3 유격수 하주석 1.99
4 3루수 노시환 1.03
5 좌익수 정진호 -0.17
6 지명타자 백용환 0.00
7 1루수 이성곤 0.04
8 우익수 조한민 0.15
9 중견수 이동훈 -0.05
LG
1 중견수 홍창기 3.97
2 좌익수 이형종 1.33
3 지명타자 김현수 2.67
4 우익수 채은성 2.88
5 유격수 오지환 1.20
6 1루수 문보경 1.68
7 3루수 김민성 0.20
8 포수 유강남 1.00
9 2루수 이상호 0.03
LT
1 유격수 마차도 1.65
2 우익수 손아섭 1.00
3 1루수 이대호 0.69
4 좌익수 전준우 2.69
5 지명타자 정훈 2.51
6 3루수 한동희 0.71
7 2루수 김민수 0.40
8 포수 정보근 0.00
9 중견수 김재유 0.53
SK
1 중견수 최지훈 1.22
2 좌익수 고종욱 -0.13
3 지명타자 추신수 1.90
4 3루수 최정 3.85
5 2루수 최주환 0.74
6 우익수 한유섬 1.17
7 1루수 오태곤 -0.12
8 포수 이재원 1.00
9 유격수 박성한 0.68
SS
1 중견수 박해민 1.78
2 지명타자 피렐라 2.99
3 우익수 구자욱 2.01
4 포수 강민호 1.87
5 1루수 오재일 0.95
6 3루수 이원석 1.14
7 좌익수 김동엽 -0.57
8 유격수 이학주 -0.15
9 2루수 강한울 -0.34
NC
1 지명타자 이명기 1.69
2 좌익수 권희동 1.18
3 우익수 나성범 1.41
4 포수 양의지 3.98
5 중견수 알테어 2.59
6 유격수 노진혁 2.23
7 1루수 강진성 0.42
8 2루수 정현 0.15
9 3루수 박준영 0.18
WO
1 2루수 서건창 1.40
2 유격수 김혜성 1.80
3 중견수 이정후 3.94
4 포수 박동원 2.17
5 좌익수 이용규 1.14
6 우익수 송우현 1.25
7 지명타자 허정협 0.07
8 1루수 이명기 0.03
9 3루수 김웅빈 0.63
KT
1 좌익수 조용호 0.58
2 3루수 황재균 1.31
3 1루수 강백호 3.37
4 중견수 배정대 1.82
5 포수 장성우 0.10
6 지명타자 김태훈 -0.04
7 2루수 강민국 0.12
8 우익수 김건형 0.01
9 유격수 심우준 1.19
OB
1 3루수 허경민 2.01
2 좌익수 김인태 1.73
3 우익수 박건우 2.38
4 1루수 양석환 2.30
5 지명타자 페르난데스 2.75
6 포수 최용제 0.29
7 2루수 강승호 0.20
8 유격수 안재석 0.60
9 중견수 백동훈 -0.08
HT
1 우익수 최원준 1.71
2 2루수 김선빈 1.73
3 3루수 김태진 0.36
4 지명타자 최형우 -0.14
5 1루수 황대인 -0.17
6 좌익수 터커 0.51
7 중견수 김호령 0.90
8 포수 한승택 -0.06
9 유격수 박찬호 0.36
